[2024-02-26 13:54:11] app.INFO: Protect vendor folder in module contactform [] []
[2024-02-26 13:54:11] app.INFO: Module contactform has no vendor folder [] []
[2024-02-26 13:54:12] app.INFO: Protect vendor folder in module dashactivity [] []
[2024-02-26 13:54:12] app.INFO: Module dashactivity has no vendor folder [] []
[2024-02-26 13:54:12] app.INFO: Protect vendor folder in module dashtrends [] []
[2024-02-26 13:54:12] app.INFO: Module dashtrends has no vendor folder [] []
[2024-02-26 13:54:12] app.INFO: Protect vendor folder in module dashgoals [] []
[2024-02-26 13:54:12] app.INFO: Module dashgoals has no vendor folder [] []
[2024-02-26 13:54:13] app.INFO: Protect vendor folder in module dashproducts [] []
[2024-02-26 13:54:13] app.INFO: Module dashproducts has no vendor folder [] []
[2024-02-26 13:54:13] app.INFO: Protect vendor folder in module graphnvd3 [] []
[2024-02-26 13:54:13] app.INFO: Module graphnvd3 has no vendor folder [] []
[2024-02-26 13:54:13] app.INFO: Protect vendor folder in module gridhtml [] []
[2024-02-26 13:54:13] app.INFO: Module gridhtml has no vendor folder [] []
[2024-02-26 13:54:13] app.INFO: Protect vendor folder in module gsitemap [] []
[2024-02-26 13:54:13] app.INFO: Module gsitemap has no vendor folder [] []
[2024-02-26 13:54:13] app.INFO: Protect vendor folder in module ps_banner [] []
[2024-02-26 13:54:13] app.INFO: Module ps_banner has no vendor folder [] []
[2024-02-26 13:54:13] app.INFO: Protect vendor folder in module ps_categorytree [] []
[2024-02-26 13:54:13] app.INFO: Module ps_categorytree has no vendor folder [] []
[2024-02-26 13:54:13] app.INFO: Protect vendor folder in module ps_checkpayment [] []
[2024-02-26 13:54:13] app.INFO: Module ps_checkpayment has no vendor folder [] []
[2024-02-26 13:54:13] app.INFO: Protect vendor folder in module ps_contactinfo [] []
[2024-02-26 13:54:13] app.INFO: Module ps_contactinfo has no vendor folder [] []
[2024-02-26 13:54:13] app.INFO: Protect vendor folder in module ps_currencyselector [] []
[2024-02-26 13:54:13] app.INFO: Module ps_currencyselector has no vendor folder [] []
[2024-02-26 13:54:13] app.INFO: Protect vendor folder in module ps_customeraccountlinks [] []
[2024-02-26 13:54:13] app.INFO: Module ps_customeraccountlinks has no vendor folder [] []
[2024-02-26 13:54:14] app.INFO: Protect vendor folder in module ps_customersignin [] []
[2024-02-26 13:54:14] app.INFO: Module ps_customersignin has no vendor folder [] []
[2024-02-26 13:54:14] app.INFO: Protect vendor folder in module ps_customtext [] []
[2024-02-26 13:54:14] app.INFO: Module ps_customtext has no vendor folder [] []
[2024-02-26 13:54:14] app.INFO: Protect vendor folder in module ps_emailsubscription [] []
[2024-02-26 13:54:14] app.INFO: Module ps_emailsubscription has no vendor folder [] []
[2024-02-26 13:54:15] app.INFO: Protect vendor folder in module ps_facetedsearch [] []
[2024-02-26 13:54:15] app.INFO: Module ps_facetedsearch has no vendor folder [] []
[2024-02-26 13:54:15] app.INFO: Protect vendor folder in module ps_faviconnotificationbo [] []
[2024-02-26 13:54:15] app.INFO: Module ps_faviconnotificationbo has no vendor folder [] []
[2024-02-26 13:54:15] app.INFO: Protect vendor folder in module ps_featuredproducts [] []
[2024-02-26 13:54:15] app.INFO: Module ps_featuredproducts has no vendor folder [] []
[2024-02-26 13:54:16] app.INFO: Protect vendor folder in module ps_imageslider [] []
[2024-02-26 13:54:16] app.INFO: Module ps_imageslider has no vendor folder [] []
[2024-02-26 13:54:16] app.INFO: Protect vendor folder in module ps_languageselector [] []
[2024-02-26 13:54:16] app.INFO: Module ps_languageselector has no vendor folder [] []
[2024-02-26 13:54:16] app.INFO: Protect vendor folder in module ps_linklist [] []
[2024-02-26 13:54:16] app.INFO: Module ps_linklist has no vendor folder [] []
[2024-02-26 13:54:16] app.ERROR: Class "AdminLinkWidgetController" not found in controllers/admin [] []
[2024-02-26 13:54:16] app.INFO: Protect vendor folder in module ps_mainmenu [] []
[2024-02-26 13:54:16] app.INFO: Module ps_mainmenu has no vendor folder [] []
[2024-02-26 13:54:16] app.INFO: Protect vendor folder in module ps_searchbar [] []
[2024-02-26 13:54:16] app.INFO: Module ps_searchbar has no vendor folder [] []
[2024-02-26 13:54:16] app.INFO: Protect vendor folder in module ps_sharebuttons [] []
[2024-02-26 13:54:16] app.INFO: Module ps_sharebuttons has no vendor folder [] []
[2024-02-26 13:54:16] app.INFO: Protect vendor folder in module ps_shoppingcart [] []
[2024-02-26 13:54:16] app.INFO: Module ps_shoppingcart has no vendor folder [] []
[2024-02-26 13:54:16] app.INFO: Protect vendor folder in module ps_socialfollow [] []
[2024-02-26 13:54:16] app.INFO: Module ps_socialfollow has no vendor folder [] []
[2024-02-26 13:54:17] app.INFO: Protect vendor folder in module ps_themecusto [] []
[2024-02-26 13:54:17] app.INFO: Module ps_themecusto has no vendor folder [] []
[2024-02-26 13:54:17] app.INFO: Protect vendor folder in module ps_wirepayment [] []
[2024-02-26 13:54:17] app.INFO: Module ps_wirepayment has no vendor folder [] []
[2024-02-26 13:54:17] app.INFO: Protect vendor folder in module pagesnotfound [] []
[2024-02-26 13:54:17] app.INFO: Module pagesnotfound has no vendor folder [] []
[2024-02-26 13:54:17] app.INFO: Protect vendor folder in module sekeywords [] []
[2024-02-26 13:54:17] app.INFO: Module sekeywords has no vendor folder [] []
[2024-02-26 13:54:17] app.INFO: Protect vendor folder in module statsbestcategories [] []
[2024-02-26 13:54:17] app.INFO: Module statsbestcategories has no vendor folder [] []
[2024-02-26 13:54:17] app.INFO: Protect vendor folder in module statsbestcustomers [] []
[2024-02-26 13:54:17] app.INFO: Module statsbestcustomers has no vendor folder [] []
[2024-02-26 13:54:17] app.INFO: Protect vendor folder in module statsbestproducts [] []
[2024-02-26 13:54:17] app.INFO: Module statsbestproducts has no vendor folder [] []
[2024-02-26 13:54:17] app.INFO: Protect vendor folder in module statsbestsuppliers [] []
[2024-02-26 13:54:17] app.INFO: Module statsbestsuppliers has no vendor folder [] []
[2024-02-26 13:54:17] app.INFO: Protect vendor folder in module statsbestvouchers [] []
[2024-02-26 13:54:17] app.INFO: Module statsbestvouchers has no vendor folder [] []
[2024-02-26 13:54:17] app.INFO: Protect vendor folder in module statscarrier [] []
[2024-02-26 13:54:17] app.INFO: Module statscarrier has no vendor folder [] []
[2024-02-26 13:54:18] app.INFO: Protect vendor folder in module statscatalog [] []
[2024-02-26 13:54:18] app.INFO: Module statscatalog has no vendor folder [] []
[2024-02-26 13:54:18] app.INFO: Protect vendor folder in module statscheckup [] []
[2024-02-26 13:54:18] app.INFO: Module statscheckup has no vendor folder [] []
[2024-02-26 13:54:18] app.INFO: Protect vendor folder in module statsdata [] []
[2024-02-26 13:54:18] app.INFO: Module statsdata has no vendor folder [] []
[2024-02-26 13:54:18] app.INFO: Protect vendor folder in module statsequipment [] []
[2024-02-26 13:54:18] app.INFO: Module statsequipment has no vendor folder [] []
[2024-02-26 13:54:18] app.INFO: Protect vendor folder in module statsforecast [] []
[2024-02-26 13:54:18] app.INFO: Module statsforecast has no vendor folder [] []
[2024-02-26 13:54:18] app.INFO: Protect vendor folder in module statslive [] []
[2024-02-26 13:54:18] app.INFO: Module statslive has no vendor folder [] []
[2024-02-26 13:54:18] app.INFO: Protect vendor folder in module statsnewsletter [] []
[2024-02-26 13:54:18] app.INFO: Module statsnewsletter has no vendor folder [] []
[2024-02-26 13:54:18] app.INFO: Protect vendor folder in module statsorigin [] []
[2024-02-26 13:54:18] app.INFO: Module statsorigin has no vendor folder [] []
[2024-02-26 13:54:18] app.INFO: Protect vendor folder in module statspersonalinfos [] []
[2024-02-26 13:54:18] app.INFO: Module statspersonalinfos has no vendor folder [] []
[2024-02-26 13:54:18] app.INFO: Protect vendor folder in module statsproduct [] []
[2024-02-26 13:54:18] app.INFO: Module statsproduct has no vendor folder [] []
[2024-02-26 13:54:18] app.INFO: Protect vendor folder in module statsregistrations [] []
[2024-02-26 13:54:18] app.INFO: Module statsregistrations has no vendor folder [] []
[2024-02-26 13:54:19] app.INFO: Protect vendor folder in module statssales [] []
[2024-02-26 13:54:19] app.INFO: Module statssales has no vendor folder [] []
[2024-02-26 13:54:19] app.INFO: Protect vendor folder in module statssearch [] []
[2024-02-26 13:54:19] app.INFO: Module statssearch has no vendor folder [] []
[2024-02-26 13:54:19] app.INFO: Protect vendor folder in module statsstock [] []
[2024-02-26 13:54:19] app.INFO: Module statsstock has no vendor folder [] []
[2024-02-26 13:54:19] app.INFO: Protect vendor folder in module statsvisits [] []
[2024-02-26 13:54:19] app.INFO: Module statsvisits has no vendor folder [] []
[2024-02-26 13:54:19] app.INFO: Protect vendor folder in module welcome [] []
[2024-02-26 13:54:26] app.INFO: Exporting mail with theme modern for language Français (French) [] []
[2024-02-26 13:54:26] app.INFO: Core output folder: /var/www/html/mails [] []
[2024-02-26 13:54:26] app.INFO: Modules output folder: /var/www/html/modules/ [] []
